<?xml version="1.0" encoding="UTF-8"?>
<testsuite name="matu.SilindriTest" time="0.007" tests="2" errors="0" skipped="0" failures="2">
  <properties>
[...]
</properties>
  <testcase name="pindala" classname="matu.SilindriTest" time="0.007">
    <failure message="expected:&lt;50.0&gt; but was:&lt;314.1592653589793&gt;" type="java.lang.AssertionError"><![CDATA[java.lang.AssertionError: expected:<50.0> but was:<314.1592653589793>
	at org.junit.Assert.fail(Assert.java:88)
	at org.junit.Assert.failNotEquals(Assert.java:834)
	at org.junit.Assert.assertEquals(Assert.java:553)
	at org.junit.Assert.assertEquals(Assert.java:683)
	at matu.SilindriTest.pindala(SilindriTest.java:11)
]]></failure>
    <system-out><![CDATA[20:01:56.343 [main] DEBUG org.springframework.test.context.junit4.SpringJUnit4ClassRunner - SpringJUnit4ClassRunner constructor called with [class matu.TervitamiseTest]
20:01:56.361 [main] DEBUG org.springframework.test.context.BootstrapUtils - Instantiating CacheAwareContextLoaderDelegate from class [org.springframework.test.context.cache.DefaultCacheAwareContextLoaderDelegate]
20:01:56.369 [main] DEBUG org.springframework.test.context.BootstrapUtils - Instantiating BootstrapContext using constructor [public org.springframework.test.context.support.DefaultBootstrapContext(java.lang.Class,org.springframework.test.context.CacheAwareContextLoaderDelegate)]
20:01:56.386 [main] DEBUG org.springframework.test.context.BootstrapUtils - Instantiating TestContextBootstrapper for test class [matu.TervitamiseTest] from class [org.springframework.boot.test.context.SpringBootTestContextBootstrapper]
20:01:56.408 [main] INFO org.springframework.boot.test.context.SpringBootTestContextBootstrapper - Neither @ContextConfiguration nor @ContextHierarchy found for test class [matu.TervitamiseTest], using SpringBootContextLoader
20:01:56.414 [main] DEBUG org.springframework.test.context.support.AbstractContextLoader - Did not detect default resource location for test class [matu.TervitamiseTest]: class path resource [matu/TervitamiseTest-context.xml] does not exist
20:01:56.414 [main] DEBUG org.springframework.test.context.support.AbstractContextLoader - Did not detect default resource location for test class [matu.TervitamiseTest]: class path resource [matu/TervitamiseTestContext.groovy] does not exist
20:01:56.414 [main] INFO org.springframework.test.context.support.AbstractContextLoader - Could not detect default resource locations for test class [matu.TervitamiseTest]: no resource found for suffixes {-context.xml, Context.groovy}.
20:01:56.415 [main] INFO org.springframework.test.context.support.AnnotationConfigContextLoaderUtils - Could not detect default configuration classes for test class [matu.TervitamiseTest]: TervitamiseTest does not declare any static, non-private, non-final, nested classes annotated with @Configuration.
20:01:56.458 [main] DEBUG org.springframework.test.context.support.ActiveProfilesUtils - Could not find an 'annotation declaring class' for annotation type [org.springframework.test.context.ActiveProfiles] and class [matu.TervitamiseTest]
20:01:56.467 [main] DEBUG org.springframework.core.env.StandardEnvironment - Adding [systemProperties] PropertySource with lowest search precedence
20:01:56.470 [main] DEBUG org.springframework.core.env.StandardEnvironment - Adding [systemEnvironment] PropertySource with lowest search precedence
20:01:56.470 [main] DEBUG org.springframework.core.env.StandardEnvironment - Initialized StandardEnvironment with PropertySources [systemProperties,systemEnvironment]
20:01:56.481 [main] DEBUG org.springframework.core.io.support.PathMatchingResourcePatternResolver - Resolved classpath location [matu/] to resources [URL [file:/home/mattbleh/public_html/2.%20Semester/Programeerimise%20p%c3%b5hikursus/t09tervikveeb/target/test-classes/matu/], URL [file:/home/mattbleh/public_html/2.%20Semester/Programeerimise%20p%c3%b5hikursus/t09tervikveeb/target/classes/matu/]]
20:01:56.482 [main] DEBUG org.springframework.core.io.support.PathMatchingResourcePatternResolver - Looking for matching resources in directory tree [/home/mattbleh/public_html/2. Semester/Programeerimise põhikursus/t09tervikveeb/target/test-classes/matu]
20:01:56.482 [main] DEBUG org.springframework.core.io.support.PathMatchingResourcePatternResolver - Searching directory [/home/mattbleh/public_html/2. Semester/Programeerimise põhikursus/t09tervikveeb/target/test-classes/matu] for files matching pattern [/home/mattbleh/public_html/2. Semester/Programeerimise põhikursus/t09tervikveeb/target/test-classes/matu/*.class]
20:01:56.485 [main] DEBUG org.springframework.core.io.support.PathMatchingResourcePatternResolver - Looking for matching resources in directory tree [/home/mattbleh/public_html/2. Semester/Programeerimise põhikursus/t09tervikveeb/target/classes/matu]
20:01:56.486 [main] DEBUG org.springframework.core.io.support.PathMatchingResourcePatternResolver - Searching directory [/home/mattbleh/public_html/2. Semester/Programeerimise põhikursus/t09tervikveeb/target/classes/matu] for files matching pattern [/home/mattbleh/public_html/2. Semester/Programeerimise põhikursus/t09tervikveeb/target/classes/matu/*.class]
20:01:56.486 [main] DEBUG org.springframework.core.io.support.PathMatchingResourcePatternResolver - Resolved location pattern [classpath*:matu/*.class] to resources [file [/home/mattbleh/public_html/2. Semester/Programeerimise põhikursus/t09tervikveeb/target/test-classes/matu/SilindriTest.class], file [/home/mattbleh/public_html/2. Semester/Programeerimise põhikursus/t09tervikveeb/target/test-classes/matu/TervitamiseTest.class], file [/home/mattbleh/public_html/2. Semester/Programeerimise põhikursus/t09tervikveeb/target/classes/matu/Kera.class], file [/home/mattbleh/public_html/2. Semester/Programeerimise põhikursus/t09tervikveeb/target/classes/matu/Kerapind.class], file [/home/mattbleh/public_html/2. Semester/Programeerimise põhikursus/t09tervikveeb/target/classes/matu/Rakendus.class]]
20:01:56.558 [main] DEBUG org.springframework.context.annotation.ClassPathScanningCandidateComponentProvider - Identified candidate component class: file [/home/mattbleh/public_html/2. Semester/Programeerimise põhikursus/t09tervikveeb/target/classes/matu/Rakendus.class]
20:01:56.559 [main] INFO org.springframework.boot.test.context.SpringBootTestContextBootstrapper - Found @SpringBootConfiguration matu.Rakendus for test class matu.TervitamiseTest
20:01:56.562 [main] DEBUG org.springframework.boot.test.context.SpringBootTestContextBootstrapper - @TestExecutionListeners is not present for class [matu.TervitamiseTest]: using defaults.
20:01:56.566 [main] INFO org.springframework.boot.test.context.SpringBootTestContextBootstrapper - Loaded default TestExecutionListener class names from location [META-INF/spring.factories]: [org.springframework.boot.test.mock.mockito.MockitoTestExecutionListener, org.springframework.boot.test.mock.mockito.ResetMocksTestExecutionListener, org.springframework.boot.test.autoconfigure.restdocs.RestDocsTestExecutionListener, org.springframework.boot.test.autoconfigure.web.client.MockRestServiceServerResetTestExecutionListener, org.springframework.boot.test.autoconfigure.web.servlet.MockMvcPrintOnlyOnFailureTestExecutionListener, org.springframework.boot.test.autoconfigure.web.servlet.WebDriverTestExecutionListener, org.springframework.test.context.web.ServletTestExecutionListener, org.springframework.test.context.support.DirtiesContextBeforeModesTestExecutionListener, org.springframework.test.context.support.DependencyInjectionTestExecutionListener, org.springframework.test.context.support.DirtiesContextTestExecutionListener, org.springframework.test.context.transaction.TransactionalTestExecutionListener, org.springframework.test.context.jdbc.SqlScriptsTestExecutionListener]
20:01:56.577 [main] INFO org.springframework.boot.test.context.SpringBootTestContextBootstrapper - Could not instantiate TestExecutionListener [org.springframework.test.context.transaction.TransactionalTestExecutionListener]. Specify custom listener classes or make the default listener classes (and their required dependencies) available. Offending class: [org/springframework/transaction/TransactionDefinition]
20:01:56.580 [main] INFO org.springframework.boot.test.context.SpringBootTestContextBootstrapper - Could not instantiate TestExecutionListener [org.springframework.test.context.jdbc.SqlScriptsTestExecutionListener]. Specify custom listener classes or make the default listener classes (and their required dependencies) available. Offending class: [org/springframework/transaction/interceptor/TransactionAttribute]
20:01:56.581 [main] INFO org.springframework.boot.test.context.SpringBootTestContextBootstrapper - Using TestExecutionListeners: [org.springframework.test.context.web.ServletTestExecutionListener@543e710e, org.springframework.test.context.support.DirtiesContextBeforeModesTestExecutionListener@57f23557, org.springframework.boot.test.autoconfigure.SpringBootDependencyInjectionTestExecutionListener@3d0f8e03, org.springframework.test.context.support.DirtiesContextTestExecutionListener@6366ebe0, org.springframework.boot.test.autoconfigure.restdocs.RestDocsTestExecutionListener@44f75083, org.springframework.boot.test.autoconfigure.web.servlet.WebDriverTestExecutionListener@2698dc7, org.springframework.boot.test.autoconfigure.web.servlet.MockMvcPrintOnlyOnFailureTestExecutionListener@43d7741f, org.springframework.boot.test.mock.mockito.ResetMocksTestExecutionListener@17baae6e, org.springframework.boot.test.autoconfigure.web.client.MockRestServiceServerResetTestExecutionListener@69379752, org.springframework.boot.test.mock.mockito.MockitoTestExecutionListener@27fe3806]
20:01:56.584 [main] DEBUG org.springframework.test.annotation.ProfileValueUtils - Retrieved @ProfileValueSourceConfiguration [null] for test class [matu.TervitamiseTest]
20:01:56.584 [main] DEBUG org.springframework.test.annotation.ProfileValueUtils - Retrieved ProfileValueSource type [class org.springframework.test.annotation.SystemProfileValueSource] for class [matu.TervitamiseTest]
]]></system-out>
  </testcase>
  <testcase name="ruumala" classname="matu.SilindriTest" time="0">
    <failure message="expected:&lt;1256.0&gt; but was:&lt;523.5987755982989&gt;" type="java.lang.AssertionError"><![CDATA[java.lang.AssertionError: expected:<1256.0> but was:<523.5987755982989>
	at org.junit.Assert.fail(Assert.java:88)
	at org.junit.Assert.failNotEquals(Assert.java:834)
	at org.junit.Assert.assertEquals(Assert.java:553)
	at org.junit.Assert.assertEquals(Assert.java:683)
	at matu.SilindriTest.ruumala(SilindriTest.java:16)
]]></failure>
  </testcase>
</testsuite>