<?xml version="1.0" encoding="UTF-8"?>
<testsuite name="karolmilaine.ConeTest" time="0.015" tests="1" errors="0" skipped="0" failures="1">
  <properties>
[...]
</properties>
  <testcase name="volume" classname="karolmilaine.ConeTest" time="0.015">
    <failure message="expected:&lt;[Koonuse] ruumala on &gt; but was:&lt;[Silindri] ruumala on &gt;" type="org.junit.ComparisonFailure"><![CDATA[org.junit.ComparisonFailure: expected:<[Koonuse] ruumala on > but was:<[Silindri] ruumala on >
	at org.junit.Assert.assertEquals(Assert.java:115)
	at org.junit.Assert.assertEquals(Assert.java:144)
	at karolmilaine.ConeTest.volume(ConeTest.java:23)
]]></failure>
    <system-out><![CDATA[2017-04-19 15:33:48.563  INFO 39114 --- [           main] .b.t.c.SpringBootTestContextBootstrapper : Neither @ContextConfiguration nor @ContextHierarchy found for test class [karolmilaine.ConeTest], using SpringBootContextLoader
2017-04-19 15:33:48.563  INFO 39114 --- [           main] o.s.t.c.support.AbstractContextLoader    : Could not detect default resource locations for test class [karolmilaine.ConeTest]: no resource found for suffixes {-context.xml, Context.groovy}.
2017-04-19 15:33:48.564  INFO 39114 --- [           main] t.c.s.AnnotationConfigContextLoaderUtils : Could not detect default configuration classes for test class [karolmilaine.ConeTest]: ConeTest does not declare any static, non-private, non-final, nested classes annotated with @Configuration.
2017-04-19 15:33:48.566  INFO 39114 --- [           main] .b.t.c.SpringBootTestContextBootstrapper : Found @SpringBootConfiguration karolmilaine.Rakendus for test class karolmilaine.ConeTest
2017-04-19 15:33:48.569  INFO 39114 --- [           main] .b.t.c.SpringBootTestContextBootstrapper : Loaded default TestExecutionListener class names from location [META-INF/spring.factories]: [org.springframework.boot.test.mock.mockito.MockitoTestExecutionListener, org.springframework.boot.test.mock.mockito.ResetMocksTestExecutionListener, org.springframework.boot.test.autoconfigure.restdocs.RestDocsTestExecutionListener, org.springframework.boot.test.autoconfigure.web.client.MockRestServiceServerResetTestExecutionListener, org.springframework.boot.test.autoconfigure.web.servlet.MockMvcPrintOnlyOnFailureTestExecutionListener, org.springframework.boot.test.autoconfigure.web.servlet.WebDriverTestExecutionListener, org.springframework.test.context.web.ServletTestExecutionListener, org.springframework.test.context.support.DirtiesContextBeforeModesTestExecutionListener, org.springframework.test.context.support.DependencyInjectionTestExecutionListener, org.springframework.test.context.support.DirtiesContextTestExecutionListener, org.springframework.test.context.transaction.TransactionalTestExecutionListener, org.springframework.test.context.jdbc.SqlScriptsTestExecutionListener]
2017-04-19 15:33:48.571  INFO 39114 --- [           main] .b.t.c.SpringBootTestContextBootstrapper : Could not instantiate TestExecutionListener [org.springframework.test.context.jdbc.SqlScriptsTestExecutionListener]. Specify custom listener classes or make the default listener classes (and their required dependencies) available. Offending class: [org/springframework/transaction/interceptor/TransactionAttribute]
2017-04-19 15:33:48.572  INFO 39114 --- [           main] .b.t.c.SpringBootTestContextBootstrapper : Could not instantiate TestExecutionListener [org.springframework.test.context.transaction.TransactionalTestExecutionListener]. Specify custom listener classes or make the default listener classes (and their required dependencies) available. Offending class: [org/springframework/transaction/TransactionDefinition]
2017-04-19 15:33:48.572  INFO 39114 --- [           main] .b.t.c.SpringBootTestContextBootstrapper : Using TestExecutionListeners: [org.springframework.test.context.web.ServletTestExecutionListener@62515a47, org.springframework.test.context.support.DirtiesContextBeforeModesTestExecutionListener@3c5a54b7, org.springframework.boot.test.autoconfigure.SpringBootDependencyInjectionTestExecutionListener@61f2c3f0, org.springframework.test.context.support.DirtiesContextTestExecutionListener@291120f4, org.springframework.boot.test.mock.mockito.ResetMocksTestExecutionListener@417ad4f3, org.springframework.boot.test.autoconfigure.web.servlet.MockMvcPrintOnlyOnFailureTestExecutionListener@2f6bcf87, org.springframework.boot.test.mock.mockito.MockitoTestExecutionListener@58f174d9, org.springframework.boot.test.autoconfigure.restdocs.RestDocsTestExecutionListener@78c7f9b3, org.springframework.boot.test.autoconfigure.web.servlet.WebDriverTestExecutionListener@6f8d7714, org.springframework.boot.test.autoconfigure.web.client.MockRestServiceServerResetTestExecutionListener@1e6b9a95]
]]></system-out>
  </testcase>
</testsuite>